<?xml version="1.0" encoding="UTF-8"?>
<testsuite xmlns:xsi="http://www.w3.org/2001/XMLSchema-instance" xsi:noNamespaceSchemaLocation="https://maven.apache.org/surefire/maven-surefire-plugin/xsd/surefire-test-report-3.0.xsd" version="3.0" name="org.example.SpringbootDemoTests" time="5.609" tests="5" errors="0" skipped="0" failures="0">
  <properties>
[...]
</properties>
  <testcase name="listAUser" classname="org.example.SpringbootDemoTests" time="1.606">
    <system-out><![CDATA[23:25:47.745 [main] INFO org.springframework.test.context.support.AnnotationConfigContextLoaderUtils -- Could not detect default configuration classes for test class [org.example.SpringbootDemoTests]: SpringbootDemoTests does not declare any static, non-private, non-final, nested classes annotated with @Configuration.
23:25:47.825 [main] INFO org.springframework.boot.test.context.SpringBootTestContextBootstrapper -- Found @SpringBootConfiguration org.example.SpringBootDemoApplication for test class org.example.SpringbootDemoTests
23:25:47.937 [main] INFO org.springframework.test.context.support.AnnotationConfigContextLoaderUtils -- Could not detect default configuration classes for test class [org.example.SpringbootDemoTests]: SpringbootDemoTests does not declare any static, non-private, non-final, nested classes annotated with @Configuration.
23:25:47.941 [main] INFO org.springframework.boot.test.context.SpringBootTestContextBootstrapper -- Found @SpringBootConfiguration org.example.SpringBootDemoApplication for test class org.example.SpringbootDemoTests
23:25:48.060 [main] INFO org.springframework.boot.devtools.restart.RestartApplicationListener -- Restart disabled due to context in which it is running

  .   ____          _            __ _ _
 /\\ / ___'_ __ _ _(_)_ __  __ _ \ \ \ \
( ( )\___ | '_ | '_| | '_ \/ _` | \ \ \ \
 \\/  ___)| |_)| | | | | || (_| |  ) ) ) )
  '  |____| .__|_| |_|_| |_\__, | / / / /
 =========|_|==============|___/=/_/_/_/
 :: Spring Boot ::                (v3.2.3)

2024-08-23T23:25:48.565-06:00  INFO 86427 --- [           main] org.example.SpringbootDemoTests          : Starting SpringbootDemoTests using Java 17.0.8 with PID 86427 (started by josesaidolanogarcia in /Users/josesaidolanogarcia/REPOSITORIOS/SpringBoot_RestAssured_JUnit4_Demo)
2024-08-23T23:25:48.566-06:00  INFO 86427 --- [           main] org.example.SpringbootDemoTests          : No active profile set, falling back to 1 default profile: "default"
2024-08-23T23:25:49.392-06:00  INFO 86427 --- [           main] .s.d.r.c.RepositoryConfigurationDelegate : Bootstrapping Spring Data JPA repositories in DEFAULT mode.
2024-08-23T23:25:49.422-06:00  INFO 86427 --- [           main] .s.d.r.c.RepositoryConfigurationDelegate : Finished Spring Data repository scanning in 25 ms. Found 1 JPA repository interface.
2024-08-23T23:25:49.804-06:00  INFO 86427 --- [           main] o.s.b.w.embedded.tomcat.TomcatWebServer  : Tomcat initialized with port 0 (http)
2024-08-23T23:25:49.814-06:00  INFO 86427 --- [           main] o.apache.catalina.core.StandardService   : Starting service [Tomcat]
2024-08-23T23:25:49.814-06:00  INFO 86427 --- [           main] o.apache.catalina.core.StandardEngine    : Starting Servlet engine: [Apache Tomcat/10.1.19]
2024-08-23T23:25:49.857-06:00  INFO 86427 --- [           main] o.a.c.c.C.[Tomcat].[localhost].[/]       : Initializing Spring embedded WebApplicationContext
2024-08-23T23:25:49.858-06:00  INFO 86427 --- [           main] w.s.c.ServletWebServerApplicationContext : Root WebApplicationContext: initialization completed in 974 ms
2024-08-23T23:25:49.945-06:00  INFO 86427 --- [           main] com.zaxxer.hikari.HikariDataSource       : HikariPool-1 - Starting...
2024-08-23T23:25:50.105-06:00  INFO 86427 --- [           main] com.zaxxer.hikari.pool.HikariPool        : HikariPool-1 - Added connection conn0: url=jdbc:h2:mem:e209103d-3dc8-4684-914d-951bdfdc12ca user=SA
2024-08-23T23:25:50.106-06:00  INFO 86427 --- [           main] com.zaxxer.hikari.HikariDataSource       : HikariPool-1 - Start completed.
2024-08-23T23:25:50.139-06:00  INFO 86427 --- [           main] o.hibernate.jpa.internal.util.LogHelper  : HHH000204: Processing PersistenceUnitInfo [name: default]
2024-08-23T23:25:50.186-06:00  INFO 86427 --- [           main] org.hibernate.Version                    : HHH000412: Hibernate ORM core version 6.4.4.Final
2024-08-23T23:25:50.210-06:00  INFO 86427 --- [           main] o.h.c.internal.RegionFactoryInitiator    : HHH000026: Second-level cache disabled
2024-08-23T23:25:50.371-06:00  INFO 86427 --- [           main] o.s.o.j.p.SpringPersistenceUnitInfo      : No LoadTimeWeaver setup: ignoring JPA class transformer
2024-08-23T23:25:50.987-06:00  INFO 86427 --- [           main] o.h.e.t.j.p.i.JtaPlatformInitiator       : HHH000489: No JTA platform available (set 'hibernate.transaction.jta.platform' to enable JTA platform integration)
2024-08-23T23:25:51.014-06:00  INFO 86427 --- [           main] j.LocalContainerEntityManagerFactoryBean : Initialized JPA EntityManagerFactory for persistence unit 'default'
2024-08-23T23:25:51.195-06:00  WARN 86427 --- [           main] JpaBaseConfiguration$JpaWebConfiguration : spring.jpa.open-in-view is enabled by default. Therefore, database queries may be performed during view rendering. Explicitly configure spring.jpa.open-in-view to disable this warning
2024-08-23T23:25:51.585-06:00  INFO 86427 --- [           main] o.s.b.w.embedded.tomcat.TomcatWebServer  : Tomcat started on port 56444 (http) with context path ''
2024-08-23T23:25:51.595-06:00  INFO 86427 --- [           main] org.example.SpringbootDemoTests          : Started SpringbootDemoTests in 3.547 seconds (process running for 4.339)
2024-08-23T23:25:52.613-06:00  INFO 86427 --- [o-auto-1-exec-1] o.a.c.c.C.[Tomcat].[localhost].[/]       : Initializing Spring DispatcherServlet 'dispatcherServlet'
2024-08-23T23:25:52.613-06:00  INFO 86427 --- [o-auto-1-exec-1] o.s.web.servlet.DispatcherServlet        : Initializing Servlet 'dispatcherServlet'
2024-08-23T23:25:52.614-06:00  INFO 86427 --- [o-auto-1-exec-1] o.s.web.servlet.DispatcherServlet        : Completed initialization in 1 ms
HTTP/1.1 200 
Content-Type: application/hal+json
Transfer-Encoding: chunked
Date: Sat, 24 Aug 2024 05:25:52 GMT
Keep-Alive: timeout=60
Connection: keep-alive

{
    "id": 30001,
    "name": "David",
    "passportNumber": "C1232268",
    "_links": {
        "all-students": {
            "href": "http://localhost:56444/students"
        }
    }
}
]]></system-out>
  </testcase>
  <testcase name="listUsers" classname="org.example.SpringbootDemoTests" time="0.162"/>
  <testcase name="deleteAUser" classname="org.example.SpringbootDemoTests" time="0.051">
    <system-out><![CDATA[HTTP/1.1 200 
Content-Length: 0
Date: Sat, 24 Aug 2024 05:25:52 GMT
Keep-Alive: timeout=60
Connection: keep-alive
HTTP/1.1 404 
Content-Type: application/json
Transfer-Encoding: chunked
Date: Sat, 24 Aug 2024 05:25:52 GMT
Keep-Alive: timeout=60
Connection: keep-alive

{
    "timestamp": "2024-08-24T05:25:53.417+00:00",
    "status": 404,
    "error": "Not Found",
    "path": "/students/10003"
}
]]></system-out>
  </testcase>
  <testcase name="updateAUser" classname="org.example.SpringbootDemoTests" time="0.122">
    <system-out><![CDATA[HTTP/1.1 204 
Date: Sat, 24 Aug 2024 05:25:52 GMT
Keep-Alive: timeout=60
Connection: keep-alive
HTTP/1.1 200 
Content-Type: application/hal+json
Transfer-Encoding: chunked
Date: Sat, 24 Aug 2024 05:25:52 GMT
Keep-Alive: timeout=60
Connection: keep-alive

{
    "id": 20001,
    "name": "John",
    "passportNumber": "YYYY1234",
    "_links": {
        "all-students": {
            "href": "http://localhost:56444/students"
        }
    }
}
]]></system-out>
  </testcase>
  <testcase name="createAUser" classname="org.example.SpringbootDemoTests" time="0.063">
    <system-out><![CDATA[HTTP/1.1 201 
Location: http://localhost:56444/students/1
Content-Length: 0
Date: Sat, 24 Aug 2024 05:25:52 GMT
Keep-Alive: timeout=60
Connection: keep-alive
HTTP/1.1 200 
Content-Type: application/hal+json
Transfer-Encoding: chunked
Date: Sat, 24 Aug 2024 05:25:52 GMT
Keep-Alive: timeout=60
Connection: keep-alive

{
    "id": 1,
    "name": "Timmy",
    "passportNumber": "ZZZ12345",
    "_links": {
        "all-students": {
            "href": "http://localhost:56444/students"
        }
    }
}
]]></system-out>
  </testcase>
</testsuite>